<?xml version="1.0" encoding="UTF-8"?>
<testsuite xmlns:xsi="http://www.w3.org/2001/XMLSchema-instance" xsi:noNamespaceSchemaLocation="https://maven.apache.org/surefire/maven-surefire-plugin/xsd/surefire-test-report-3.0.xsd" version="3.0" name="com.example.project1.Project1ApplicationTests" time="10.594" tests="1" errors="0" skipped="0" failures="0">
  <properties>
[...]
</properties>
  <testcase name="contextLoads" classname="com.example.project1.Project1ApplicationTests" time="1.601">
    <system-out><![CDATA[04:42:52.998 [main] INFO org.springframework.test.context.support.AnnotationConfigContextLoaderUtils -- Could not detect default configuration classes for test class [com.example.project1.Project1ApplicationTests]: Project1ApplicationTests does not declare any static, non-private, non-final, nested classes annotated with @Configuration.
04:42:53.257 [main] INFO org.springframework.boot.test.context.SpringBootTestContextBootstrapper -- Found @SpringBootConfiguration com.example.project1.Project1Application for test class com.example.project1.Project1ApplicationTests

  .   ____          _            __ _ _
 /\\ / ___'_ __ _ _(_)_ __  __ _ \ \ \ \
( ( )\___ | '_ | '_| | '_ \/ _` | \ \ \ \
 \\/  ___)| |_)| | | | | || (_| |  ) ) ) )
  '  |____| .__|_| |_|_| |_\__, | / / / /
 =========|_|==============|___/=/_/_/_/

 :: Spring Boot ::                (v3.3.3)

2024-08-23T04:42:54.300Z  INFO 11924 --- [Project1] [           main] c.e.project1.Project1ApplicationTests    : Starting Project1ApplicationTests using Java 17.0.6 with PID 11924 (started by Ograh in D:\ProgrammingProjects\Java\Spring Boot\Learning-Spring-Boot\Project1)
2024-08-23T04:42:54.304Z  INFO 11924 --- [Project1] [           main] c.e.project1.Project1ApplicationTests    : No active profile set, falling back to 1 default profile: "default"
2024-08-23T04:42:56.017Z  INFO 11924 --- [Project1] [           main] .s.d.r.c.RepositoryConfigurationDelegate : Bootstrapping Spring Data JPA repositories in DEFAULT mode.
2024-08-23T04:42:56.069Z  INFO 11924 --- [Project1] [           main] .s.d.r.c.RepositoryConfigurationDelegate : Finished Spring Data repository scanning in 30 ms. Found 0 JPA repository interfaces.
2024-08-23T04:42:57.691Z  INFO 11924 --- [Project1] [           main] com.zaxxer.hikari.HikariDataSource       : HikariPool-1 - Starting...
2024-08-23T04:42:58.118Z  INFO 11924 --- [Project1] [           main] com.zaxxer.hikari.pool.HikariPool        : HikariPool-1 - Added connection conn0: url=jdbc:h2:mem:edfd6de6-9f52-4607-af2b-ff49aa1e1ed0 user=SA
2024-08-23T04:42:58.121Z  INFO 11924 --- [Project1] [           main] com.zaxxer.hikari.HikariDataSource       : HikariPool-1 - Start completed.
2024-08-23T04:42:58.237Z  INFO 11924 --- [Project1] [           main] o.hibernate.jpa.internal.util.LogHelper  : HHH000204: Processing PersistenceUnitInfo [name: default]
2024-08-23T04:42:58.389Z  INFO 11924 --- [Project1] [           main] org.hibernate.Version                    : HHH000412: Hibernate ORM core version 6.5.2.Final
2024-08-23T04:42:58.478Z  INFO 11924 --- [Project1] [           main] o.h.c.internal.RegionFactoryInitiator    : HHH000026: Second-level cache disabled
2024-08-23T04:42:59.310Z  INFO 11924 --- [Project1] [           main] o.s.o.j.p.SpringPersistenceUnitInfo      : No LoadTimeWeaver setup: ignoring JPA class transformer
2024-08-23T04:43:00.210Z  INFO 11924 --- [Project1] [           main] o.h.e.t.j.p.i.JtaPlatformInitiator       : HHH000489: No JTA platform available (set 'hibernate.transaction.jta.platform' to enable JTA platform integration)
2024-08-23T04:43:00.218Z  INFO 11924 --- [Project1] [           main] j.LocalContainerEntityManagerFactoryBean : Initialized JPA EntityManagerFactory for persistence unit 'default'
2024-08-23T04:43:00.578Z  WARN 11924 --- [Project1] [           main] JpaBaseConfiguration$JpaWebConfiguration : spring.jpa.open-in-view is enabled by default. Therefore, database queries may be performed during view rendering. Explicitly configure spring.jpa.open-in-view to disable this warning
2024-08-23T04:43:01.483Z  INFO 11924 --- [Project1] [           main] c.e.project1.Project1ApplicationTests    : Started Project1ApplicationTests in 7.825 seconds (process running for 10.119)
]]></system-out>
  </testcase>
</testsuite>